[ERROR] 2024-05-08 02:01:33,817 [import-task-obe-1 | o.e.r.r.h.ParseErrorLogger] [Rio fatal] Expected '.', found '1' (6, -1)
[ERROR] 2024-05-08 02:01:33,823 [import-task-obe-1 | c.o.f.i.StringImportRunnableTask] RDF Parse Error 
org.eclipse.rdf4j.rio.RDFParseException: Expected '.', found '1' [line 6]
	at org.eclipse.rdf4j.rio.helpers.RDFParserHelper.reportFatalError(RDFParserHelper.java:347)
	at org.eclipse.rdf4j.rio.helpers.AbstractRDFParser.reportFatalError(AbstractRDFParser.java:682)
	at org.eclipse.rdf4j.rio.turtle.TurtleParser.reportFatalError(TurtleParser.java:1308)
	at org.eclipse.rdf4j.rio.turtle.TurtleParser.verifyCharacterOrFail(TurtleParser.java:1153)
	at org.eclipse.rdf4j.rio.turtle.TurtleParser.parseStatement(TurtleParser.java:204)
	at org.eclipse.rdf4j.rio.turtle.TurtleParser.parse(TurtleParser.java:164)
	at org.eclipse.rdf4j.repository.util.RDFLoader.loadInputStreamOrReader(RDFLoader.java:304)
	at org.eclipse.rdf4j.repository.util.RDFLoader.load(RDFLoader.java:249)
	at org.eclipse.rdf4j.repository.base.AbstractRepositoryConnection.add(AbstractRepositoryConnection.java:351)
	at com.ontotext.trree.monitorRepository.MonitorRepositoryConnection.add(MonitorRepositoryConnection.java:175)
	at com.ontotext.trree.parallel.InterruptableConnectionWrapper.add(InterruptableConnectionWrapper.java:60)
	at com.ontotext.forest.impex.ParallelAwareImporter.lambda$add$3(ParallelAwareImporter.java:96)
	at com.ontotext.forest.impex.ParallelAwareImporter.wrapInBeginCommit(ParallelAwareImporter.java:143)
	at com.ontotext.forest.impex.ParallelAwareImporter.add(ParallelAwareImporter.java:96)
	at com.ontotext.forest.impex.StringImportRunnableTask.load(StringImportRunnableTask.java:34)
	at com.ontotext.forest.impex.ImportRunnableTask.run(ImportRunnableTask.java:94)
	at common.GraphDBMDCExecutorBuilder.lambda$wrap$1(GraphDBMDCExecutorBuilder.java:200)
	at java.base/java.util.concurrent.Executors$RunnableAdapter.call(Executors.java:515)
	at java.base/java.util.concurrent.FutureTask.run(FutureTask.java:264)
	at java.base/java.util.concurrent.ThreadPoolExecutor.runWorker(ThreadPoolExecutor.java:1128)
	at java.base/java.util.concurrent.ThreadPoolExecutor$Worker.run(ThreadPoolExecutor.java:628)
	at java.base/java.lang.Thread.run(Thread.java:829)
[ERROR] 2024-05-08 02:09:57,552 [import-task-obe-1 | o.e.r.r.h.ParseErrorLogger] [Rio fatal] Expected '.', found '1' (6, -1)
[ERROR] 2024-05-08 02:09:57,558 [import-task-obe-1 | c.o.f.i.StringImportRunnableTask] RDF Parse Error 
org.eclipse.rdf4j.rio.RDFParseException: Expected '.', found '1' [line 6]
	at org.eclipse.rdf4j.rio.helpers.RDFParserHelper.reportFatalError(RDFParserHelper.java:347)
	at org.eclipse.rdf4j.rio.helpers.AbstractRDFParser.reportFatalError(AbstractRDFParser.java:682)
	at org.eclipse.rdf4j.rio.turtle.TurtleParser.reportFatalError(TurtleParser.java:1308)
	at org.eclipse.rdf4j.rio.turtle.TurtleParser.verifyCharacterOrFail(TurtleParser.java:1153)
	at org.eclipse.rdf4j.rio.turtle.TurtleParser.parseStatement(TurtleParser.java:204)
	at org.eclipse.rdf4j.rio.turtle.TurtleParser.parse(TurtleParser.java:164)
	at org.eclipse.rdf4j.repository.util.RDFLoader.loadInputStreamOrReader(RDFLoader.java:304)
	at org.eclipse.rdf4j.repository.util.RDFLoader.load(RDFLoader.java:249)
	at org.eclipse.rdf4j.repository.base.AbstractRepositoryConnection.add(AbstractRepositoryConnection.java:351)
	at com.ontotext.trree.monitorRepository.MonitorRepositoryConnection.add(MonitorRepositoryConnection.java:175)
	at com.ontotext.trree.parallel.InterruptableConnectionWrapper.add(InterruptableConnectionWrapper.java:60)
	at com.ontotext.forest.impex.ParallelAwareImporter.lambda$add$3(ParallelAwareImporter.java:96)
	at com.ontotext.forest.impex.ParallelAwareImporter.wrapInBeginCommit(ParallelAwareImporter.java:143)
	at com.ontotext.forest.impex.ParallelAwareImporter.add(ParallelAwareImporter.java:96)
	at com.ontotext.forest.impex.StringImportRunnableTask.load(StringImportRunnableTask.java:34)
	at com.ontotext.forest.impex.ImportRunnableTask.run(ImportRunnableTask.java:94)
	at common.GraphDBMDCExecutorBuilder.lambda$wrap$1(GraphDBMDCExecutorBuilder.java:200)
	at java.base/java.util.concurrent.Executors$RunnableAdapter.call(Executors.java:515)
	at java.base/java.util.concurrent.FutureTask.run(FutureTask.java:264)
	at java.base/java.util.concurrent.ThreadPoolExecutor.runWorker(ThreadPoolExecutor.java:1128)
	at java.base/java.util.concurrent.ThreadPoolExecutor$Worker.run(ThreadPoolExecutor.java:628)
	at java.base/java.lang.Thread.run(Thread.java:829)
[ERROR] 2024-05-12 13:58:54,744 [import-task-obe-1 | o.e.r.r.h.ParseErrorLogger] [Rio fatal] Expected '.', found '1' (6, -1)
[ERROR] 2024-05-12 13:58:54,747 [import-task-obe-1 | c.o.f.i.StringImportRunnableTask] RDF Parse Error 
org.eclipse.rdf4j.rio.RDFParseException: Expected '.', found '1' [line 6]
	at org.eclipse.rdf4j.rio.helpers.RDFParserHelper.reportFatalError(RDFParserHelper.java:347)
	at org.eclipse.rdf4j.rio.helpers.AbstractRDFParser.reportFatalError(AbstractRDFParser.java:682)
	at org.eclipse.rdf4j.rio.turtle.TurtleParser.reportFatalError(TurtleParser.java:1308)
	at org.eclipse.rdf4j.rio.turtle.TurtleParser.verifyCharacterOrFail(TurtleParser.java:1153)
	at org.eclipse.rdf4j.rio.turtle.TurtleParser.parseStatement(TurtleParser.java:204)
	at org.eclipse.rdf4j.rio.turtle.TurtleParser.parse(TurtleParser.java:164)
	at org.eclipse.rdf4j.repository.util.RDFLoader.loadInputStreamOrReader(RDFLoader.java:304)
	at org.eclipse.rdf4j.repository.util.RDFLoader.load(RDFLoader.java:249)
	at org.eclipse.rdf4j.repository.base.AbstractRepositoryConnection.add(AbstractRepositoryConnection.java:351)
	at com.ontotext.trree.monitorRepository.MonitorRepositoryConnection.add(MonitorRepositoryConnection.java:175)
	at com.ontotext.trree.parallel.InterruptableConnectionWrapper.add(InterruptableConnectionWrapper.java:60)
	at com.ontotext.forest.impex.ParallelAwareImporter.lambda$add$3(ParallelAwareImporter.java:96)
	at com.ontotext.forest.impex.ParallelAwareImporter.wrapInBeginCommit(ParallelAwareImporter.java:143)
	at com.ontotext.forest.impex.ParallelAwareImporter.add(ParallelAwareImporter.java:96)
	at com.ontotext.forest.impex.StringImportRunnableTask.load(StringImportRunnableTask.java:34)
	at com.ontotext.forest.impex.ImportRunnableTask.run(ImportRunnableTask.java:94)
	at common.GraphDBMDCExecutorBuilder.lambda$wrap$1(GraphDBMDCExecutorBuilder.java:200)
	at java.base/java.util.concurrent.Executors$RunnableAdapter.call(Executors.java:515)
	at java.base/java.util.concurrent.FutureTask.run(FutureTask.java:264)
	at java.base/java.util.concurrent.ThreadPoolExecutor.runWorker(ThreadPoolExecutor.java:1128)
	at java.base/java.util.concurrent.ThreadPoolExecutor$Worker.run(ThreadPoolExecutor.java:628)
	at java.base/java.lang.Thread.run(Thread.java:829)
[ERROR] 2024-05-12 14:04:29,343 [import-task-obe-1 | o.e.r.r.h.ParseErrorLogger] [Rio fatal] Expected '.', found '1' (6, -1)
[ERROR] 2024-05-12 14:04:29,344 [import-task-obe-1 | c.o.f.i.StringImportRunnableTask] RDF Parse Error 
org.eclipse.rdf4j.rio.RDFParseException: Expected '.', found '1' [line 6]
	at org.eclipse.rdf4j.rio.helpers.RDFParserHelper.reportFatalError(RDFParserHelper.java:347)
	at org.eclipse.rdf4j.rio.helpers.AbstractRDFParser.reportFatalError(AbstractRDFParser.java:682)
	at org.eclipse.rdf4j.rio.turtle.TurtleParser.reportFatalError(TurtleParser.java:1308)
	at org.eclipse.rdf4j.rio.turtle.TurtleParser.verifyCharacterOrFail(TurtleParser.java:1153)
	at org.eclipse.rdf4j.rio.turtle.TurtleParser.parseStatement(TurtleParser.java:204)
	at org.eclipse.rdf4j.rio.turtle.TurtleParser.parse(TurtleParser.java:164)
	at org.eclipse.rdf4j.repository.util.RDFLoader.loadInputStreamOrReader(RDFLoader.java:304)
	at org.eclipse.rdf4j.repository.util.RDFLoader.load(RDFLoader.java:249)
	at org.eclipse.rdf4j.repository.base.AbstractRepositoryConnection.add(AbstractRepositoryConnection.java:351)
	at com.ontotext.trree.monitorRepository.MonitorRepositoryConnection.add(MonitorRepositoryConnection.java:175)
	at com.ontotext.trree.parallel.InterruptableConnectionWrapper.add(InterruptableConnectionWrapper.java:60)
	at com.ontotext.forest.impex.ParallelAwareImporter.lambda$add$3(ParallelAwareImporter.java:96)
	at com.ontotext.forest.impex.ParallelAwareImporter.wrapInBeginCommit(ParallelAwareImporter.java:143)
	at com.ontotext.forest.impex.ParallelAwareImporter.add(ParallelAwareImporter.java:96)
	at com.ontotext.forest.impex.StringImportRunnableTask.load(StringImportRunnableTask.java:34)
	at com.ontotext.forest.impex.ImportRunnableTask.run(ImportRunnableTask.java:94)
	at common.GraphDBMDCExecutorBuilder.lambda$wrap$1(GraphDBMDCExecutorBuilder.java:200)
	at java.base/java.util.concurrent.Executors$RunnableAdapter.call(Executors.java:515)
	at java.base/java.util.concurrent.FutureTask.run(FutureTask.java:264)
	at java.base/java.util.concurrent.ThreadPoolExecutor.runWorker(ThreadPoolExecutor.java:1128)
	at java.base/java.util.concurrent.ThreadPoolExecutor$Worker.run(ThreadPoolExecutor.java:628)
	at java.base/java.lang.Thread.run(Thread.java:829)
[ERROR] 2024-05-12 14:09:37,162 [import-task-obe-1 | o.e.r.r.h.ParseErrorLogger] [Rio fatal] Expected '.', found '1' (6, -1)
[ERROR] 2024-05-12 14:09:37,162 [import-task-obe-1 | c.o.f.i.StringImportRunnableTask] RDF Parse Error 
org.eclipse.rdf4j.rio.RDFParseException: Expected '.', found '1' [line 6]
	at org.eclipse.rdf4j.rio.helpers.RDFParserHelper.reportFatalError(RDFParserHelper.java:347)
	at org.eclipse.rdf4j.rio.helpers.AbstractRDFParser.reportFatalError(AbstractRDFParser.java:682)
	at org.eclipse.rdf4j.rio.turtle.TurtleParser.reportFatalError(TurtleParser.java:1308)
	at org.eclipse.rdf4j.rio.turtle.TurtleParser.verifyCharacterOrFail(TurtleParser.java:1153)
	at org.eclipse.rdf4j.rio.turtle.TurtleParser.parseStatement(TurtleParser.java:204)
	at org.eclipse.rdf4j.rio.turtle.TurtleParser.parse(TurtleParser.java:164)
	at org.eclipse.rdf4j.repository.util.RDFLoader.loadInputStreamOrReader(RDFLoader.java:304)
	at org.eclipse.rdf4j.repository.util.RDFLoader.load(RDFLoader.java:249)
	at org.eclipse.rdf4j.repository.base.AbstractRepositoryConnection.add(AbstractRepositoryConnection.java:351)
	at com.ontotext.trree.monitorRepository.MonitorRepositoryConnection.add(MonitorRepositoryConnection.java:175)
	at com.ontotext.trree.parallel.InterruptableConnectionWrapper.add(InterruptableConnectionWrapper.java:60)
	at com.ontotext.forest.impex.ParallelAwareImporter.lambda$add$3(ParallelAwareImporter.java:96)
	at com.ontotext.forest.impex.ParallelAwareImporter.wrapInBeginCommit(ParallelAwareImporter.java:143)
	at com.ontotext.forest.impex.ParallelAwareImporter.add(ParallelAwareImporter.java:96)
	at com.ontotext.forest.impex.StringImportRunnableTask.load(StringImportRunnableTask.java:34)
	at com.ontotext.forest.impex.ImportRunnableTask.run(ImportRunnableTask.java:94)
	at common.GraphDBMDCExecutorBuilder.lambda$wrap$1(GraphDBMDCExecutorBuilder.java:200)
	at java.base/java.util.concurrent.Executors$RunnableAdapter.call(Executors.java:515)
	at java.base/java.util.concurrent.FutureTask.run(FutureTask.java:264)
	at java.base/java.util.concurrent.ThreadPoolExecutor.runWorker(ThreadPoolExecutor.java:1128)
	at java.base/java.util.concurrent.ThreadPoolExecutor$Worker.run(ThreadPoolExecutor.java:628)
	at java.base/java.lang.Thread.run(Thread.java:829)
[ERROR] 2024-05-12 14:17:55,793 [import-task-obe-1 | o.e.r.r.h.ParseErrorLogger] [Rio fatal] Expected '.', found '1' (6, -1)
[ERROR] 2024-05-12 14:17:55,795 [import-task-obe-1 | c.o.f.i.StringImportRunnableTask] RDF Parse Error 
org.eclipse.rdf4j.rio.RDFParseException: Expected '.', found '1' [line 6]
	at org.eclipse.rdf4j.rio.helpers.RDFParserHelper.reportFatalError(RDFParserHelper.java:347)
	at org.eclipse.rdf4j.rio.helpers.AbstractRDFParser.reportFatalError(AbstractRDFParser.java:682)
	at org.eclipse.rdf4j.rio.turtle.TurtleParser.reportFatalError(TurtleParser.java:1308)
	at org.eclipse.rdf4j.rio.turtle.TurtleParser.verifyCharacterOrFail(TurtleParser.java:1153)
	at org.eclipse.rdf4j.rio.turtle.TurtleParser.parseStatement(TurtleParser.java:204)
	at org.eclipse.rdf4j.rio.turtle.TurtleParser.parse(TurtleParser.java:164)
	at org.eclipse.rdf4j.repository.util.RDFLoader.loadInputStreamOrReader(RDFLoader.java:304)
	at org.eclipse.rdf4j.repository.util.RDFLoader.load(RDFLoader.java:249)
	at org.eclipse.rdf4j.repository.base.AbstractRepositoryConnection.add(AbstractRepositoryConnection.java:351)
	at com.ontotext.trree.monitorRepository.MonitorRepositoryConnection.add(MonitorRepositoryConnection.java:175)
	at com.ontotext.trree.parallel.InterruptableConnectionWrapper.add(InterruptableConnectionWrapper.java:60)
	at com.ontotext.forest.impex.ParallelAwareImporter.lambda$add$3(ParallelAwareImporter.java:96)
	at com.ontotext.forest.impex.ParallelAwareImporter.wrapInBeginCommit(ParallelAwareImporter.java:143)
	at com.ontotext.forest.impex.ParallelAwareImporter.add(ParallelAwareImporter.java:96)
	at com.ontotext.forest.impex.StringImportRunnableTask.load(StringImportRunnableTask.java:34)
	at com.ontotext.forest.impex.ImportRunnableTask.run(ImportRunnableTask.java:94)
	at common.GraphDBMDCExecutorBuilder.lambda$wrap$1(GraphDBMDCExecutorBuilder.java:200)
	at java.base/java.util.concurrent.Executors$RunnableAdapter.call(Executors.java:515)
	at java.base/java.util.concurrent.FutureTask.run(FutureTask.java:264)
	at java.base/java.util.concurrent.ThreadPoolExecutor.runWorker(ThreadPoolExecutor.java:1128)
	at java.base/java.util.concurrent.ThreadPoolExecutor$Worker.run(ThreadPoolExecutor.java:628)
	at java.base/java.lang.Thread.run(Thread.java:829)
[ERROR] 2024-05-12 14:18:33,717 [import-task-obe-1 | o.e.r.r.h.ParseErrorLogger] [Rio fatal] Expected '.', found '1' (5, -1)
[ERROR] 2024-05-12 14:18:33,719 [import-task-obe-1 | c.o.f.i.StringImportRunnableTask] RDF Parse Error 
org.eclipse.rdf4j.rio.RDFParseException: Expected '.', found '1' [line 5]
	at org.eclipse.rdf4j.rio.helpers.RDFParserHelper.reportFatalError(RDFParserHelper.java:347)
	at org.eclipse.rdf4j.rio.helpers.AbstractRDFParser.reportFatalError(AbstractRDFParser.java:682)
	at org.eclipse.rdf4j.rio.turtle.TurtleParser.reportFatalError(TurtleParser.java:1308)
	at org.eclipse.rdf4j.rio.turtle.TurtleParser.verifyCharacterOrFail(TurtleParser.java:1153)
	at org.eclipse.rdf4j.rio.turtle.TurtleParser.parseStatement(TurtleParser.java:204)
	at org.eclipse.rdf4j.rio.turtle.TurtleParser.parse(TurtleParser.java:164)
	at org.eclipse.rdf4j.repository.util.RDFLoader.loadInputStreamOrReader(RDFLoader.java:304)
	at org.eclipse.rdf4j.repository.util.RDFLoader.load(RDFLoader.java:249)
	at org.eclipse.rdf4j.repository.base.AbstractRepositoryConnection.add(AbstractRepositoryConnection.java:351)
	at com.ontotext.trree.monitorRepository.MonitorRepositoryConnection.add(MonitorRepositoryConnection.java:175)
	at com.ontotext.trree.parallel.InterruptableConnectionWrapper.add(InterruptableConnectionWrapper.java:60)
	at com.ontotext.forest.impex.ParallelAwareImporter.lambda$add$3(ParallelAwareImporter.java:96)
	at com.ontotext.forest.impex.ParallelAwareImporter.wrapInBeginCommit(ParallelAwareImporter.java:143)
	at com.ontotext.forest.impex.ParallelAwareImporter.add(ParallelAwareImporter.java:96)
	at com.ontotext.forest.impex.StringImportRunnableTask.load(StringImportRunnableTask.java:34)
	at com.ontotext.forest.impex.ImportRunnableTask.run(ImportRunnableTask.java:94)
	at common.GraphDBMDCExecutorBuilder.lambda$wrap$1(GraphDBMDCExecutorBuilder.java:200)
	at java.base/java.util.concurrent.Executors$RunnableAdapter.call(Executors.java:515)
	at java.base/java.util.concurrent.FutureTask.run(FutureTask.java:264)
	at java.base/java.util.concurrent.ThreadPoolExecutor.runWorker(ThreadPoolExecutor.java:1128)
	at java.base/java.util.concurrent.ThreadPoolExecutor$Worker.run(ThreadPoolExecutor.java:628)
	at java.base/java.lang.Thread.run(Thread.java:829)
